This file contains any messages produced by compilers while
running configure, to aid debugging if configure makes a mistake.

It was created by configure, which was
generated by GNU Autoconf 2.59.  Invocation command line was

  $ ./configure 

## --------- ##
## Platform. ##
## --------- ##

hostname = localhost.localdomain
uname -m = i686
uname -r = 2.4.26
uname -s = Linux
uname -v = #21 SMP Tue Jun 7 16:47:44 CST 2005

/usr/bin/uname -p = unknown
/bin/uname -X     = unknown

/bin/arch              = i686
/usr/bin/arch -k       = unknown
/usr/convex/getsysinfo = unknown
hostinfo               = unknown
/bin/machine           = unknown
/usr/bin/oslevel       = unknown
/bin/universe          = unknown

PATH: /opt/toolchain_mips/bin/
PATH: /usr/local/sbin
PATH: /usr/local/bin
PATH: /sbin
PATH: /bin
PATH: /usr/sbin
PATH: /usr/bin
PATH: /usr/X11R6/bin
PATH: /opt/323/mips/bin/
PATH: .
PATH: /root/bin


## ----------- ##
## Core tests. ##
## ----------- ##

configure:1348: checking for gcc
configure:1364: found /usr/bin/gcc
configure:1374: result: gcc
configure:1618: checking for C compiler version
configure:1621: gcc --version </dev/null >&5
gcc (GCC) 3.2.2 20030222 (Red Hat Linux 3.2.2-5)
Copyright (C) 2002 Free Software Foundation, Inc.
This is free software; see the source for copying conditions.  There is NO
warranty; not even for MERCHANTABILITY or FITNESS FOR A PARTICULAR PURPOSE.

configure:1624: $? = 0
configure:1626: gcc -v </dev/null >&5
Reading specs from /usr/lib/gcc-lib/i386-redhat-linux/3.2.2/specs
Configured with: ../configure --prefix=/usr --mandir=/usr/share/man --infodir=/usr/share/info --enable-shared --enable-threads=posix --disable-checking --with-system-zlib --enable-__cxa_atexit --host=i386-redhat-linux
Thread model: posix
gcc version 3.2.2 20030222 (Red Hat Linux 3.2.2-5)
configure:1629: $? = 0
configure:1631: gcc -V </dev/null >&5
gcc: argument to `-V' is missing
configure:1634: $? = 1
configure:1657: checking for C compiler default output file name
configure:1660: gcc    conftest.c  >&5
configure:1663: $? = 0
configure:1709: result: a.out
configure:1714: checking whether the C compiler works
configure:1720: ./a.out
configure:1723: $? = 0
configure:1740: result: yes
configure:1747: checking whether we are cross compiling
configure:1749: result: no
configure:1752: checking for suffix of executables
configure:1754: gcc -o conftest    conftest.c  >&5
configure:1757: $? = 0
configure:1782: result: 
configure:1788: checking for suffix of object files
configure:1809: gcc -c   conftest.c >&5
configure:1812: $? = 0
configure:1834: result: o
configure:1838: checking whether we are using the GNU C compiler
configure:1862: gcc -c   conftest.c >&5
configure:1868: $? = 0
configure:1871: test -z 			 || test ! -s conftest.err
configure:1874: $? = 0
configure:1877: test -s conftest.o
configure:1880: $? = 0
configure:1893: result: yes
configure:1899: checking whether gcc accepts -g
configure:1920: gcc -c -g  conftest.c >&5
configure:1926: $? = 0
configure:1929: test -z 			 || test ! -s conftest.err
configure:1932: $? = 0
configure:1935: test -s conftest.o
configure:1938: $? = 0
configure:1949: result: yes
configure:1966: checking for gcc option to accept ANSI C
configure:2036: gcc  -c -g -O2  conftest.c >&5
configure:2042: $? = 0
configure:2045: test -z 			 || test ! -s conftest.err
configure:2048: $? = 0
configure:2051: test -s conftest.o
configure:2054: $? = 0
configure:2072: result: none needed
configure:2090: gcc -c -g -O2  conftest.c >&5
conftest.c:2: parse error before "me"
configure:2096: $? = 1
configure: failed program was:
| #ifndef __cplusplus
|   choke me
| #endif
configure:2267: checking for ranlib
configure:2283: found /usr/bin/ranlib
configure:2294: result: ranlib
configure:2314: checking how to run the C preprocessor
configure:2349: gcc -E  conftest.c
configure:2355: $? = 0
configure:2387: gcc -E  conftest.c
conftest.c:9:28: ac_nonexistent.h: No such file or directory
configure:2393: $? = 1
configure: failed program was:
| /* confdefs.h.  */
| 
| #define PACKAGE_NAME ""
| #define PACKAGE_TARNAME ""
| #define PACKAGE_VERSION ""
| #define PACKAGE_STRING ""
| #define PACKAGE_BUGREPORT ""
| /* end confdefs.h.  */
| #include <ac_nonexistent.h>
configure:2432: result: gcc -E
configure:2456: gcc -E  conftest.c
configure:2462: $? = 0
configure:2494: gcc -E  conftest.c
conftest.c:9:28: ac_nonexistent.h: No such file or directory
configure:2500: $? = 1
configure: failed program was:
| /* confdefs.h.  */
| 
| #define PACKAGE_NAME ""
| #define PACKAGE_TARNAME ""
| #define PACKAGE_VERSION ""
| #define PACKAGE_STRING ""
| #define PACKAGE_BUGREPORT ""
| /* end confdefs.h.  */
| #include <ac_nonexistent.h>
configure:2544: checking for egrep
configure:2554: result: grep -E
configure:2559: checking for ANSI C header files
configure:2584: gcc -c -g -O2  conftest.c >&5
configure:2590: $? = 0
configure:2593: test -z 			 || test ! -s conftest.err
configure:2596: $? = 0
configure:2599: test -s conftest.o
configure:2602: $? = 0
configure:2688: gcc -o conftest -g -O2   conftest.c  >&5
configure:2691: $? = 0
configure:2693: ./conftest
configure:2696: $? = 0
configure:2711: result: yes
configure:2721: checking for sys/wait.h that is POSIX.1 compatible
configure:2752: gcc -c -g -O2  conftest.c >&5
configure:2758: $? = 0
configure:2761: test -z 			 || test ! -s conftest.err
configure:2764: $? = 0
configure:2767: test -s conftest.o
configure:2770: $? = 0
configure:2781: result: yes
configure:2805: checking for sys/types.h
configure:2821: gcc -c -g -O2  conftest.c >&5
configure:2827: $? = 0
configure:2830: test -z 			 || test ! -s conftest.err
configure:2833: $? = 0
configure:2836: test -s conftest.o
configure:2839: $? = 0
configure:2850: result: yes
configure:2805: checking for sys/stat.h
configure:2821: gcc -c -g -O2  conftest.c >&5
configure:2827: $? = 0
configure:2830: test -z 			 || test ! -s conftest.err
configure:2833: $? = 0
configure:2836: test -s conftest.o
configure:2839: $? = 0
configure:2850: result: yes
configure:2805: checking for stdlib.h
configure:2821: gcc -c -g -O2  conftest.c >&5
configure:2827: $? = 0
configure:2830: test -z 			 || test ! -s conftest.err
configure:2833: $? = 0
configure:2836: test -s conftest.o
configure:2839: $? = 0
configure:2850: result: yes
configure:2805: checking for string.h
configure:2821: gcc -c -g -O2  conftest.c >&5
configure:2827: $? = 0
configure:2830: test -z 			 || test ! -s conftest.err
configure:2833: $? = 0
configure:2836: test -s conftest.o
configure:2839: $? = 0
configure:2850: result: yes
configure:2805: checking for memory.h
configure:2821: gcc -c -g -O2  conftest.c >&5
configure:2827: $? = 0
configure:2830: test -z 			 || test ! -s conftest.err
configure:2833: $? = 0
configure:2836: test -s conftest.o
configure:2839: $? = 0
configure:2850: result: yes
configure:2805: checking for strings.h
configure:2821: gcc -c -g -O2  conftest.c >&5
configure:2827: $? = 0
configure:2830: test -z 			 || test ! -s conftest.err
configure:2833: $? = 0
configure:2836: test -s conftest.o
configure:2839: $? = 0
configure:2850: result: yes
configure:2805: checking for inttypes.h
configure:2821: gcc -c -g -O2  conftest.c >&5
configure:2827: $? = 0
configure:2830: test -z 			 || test ! -s conftest.err
configure:2833: $? = 0
configure:2836: test -s conftest.o
configure:2839: $? = 0
configure:2850: result: yes
configure:2805: checking for stdint.h
configure:2821: gcc -c -g -O2  conftest.c >&5
configure:2827: $? = 0
configure:2830: test -z 			 || test ! -s conftest.err
configure:2833: $? = 0
configure:2836: test -s conftest.o
configure:2839: $? = 0
configure:2850: result: yes
configure:2805: checking for unistd.h
configure:2821: gcc -c -g -O2  conftest.c >&5
configure:2827: $? = 0
configure:2830: test -z 			 || test ! -s conftest.err
configure:2833: $? = 0
configure:2836: test -s conftest.o
configure:2839: $? = 0
configure:2850: result: yes
configure:2902: checking fcntl.h usability
configure:2914: gcc -c -g -O2  conftest.c >&5
configure:2920: $? = 0
configure:2923: test -z 			 || test ! -s conftest.err
configure:2926: $? = 0
configure:2929: test -s conftest.o
configure:2932: $? = 0
configure:2942: result: yes
configure:2946: checking fcntl.h presence
configure:2956: gcc -E  conftest.c
configure:2962: $? = 0
configure:2982: result: yes
configure:3017: checking for fcntl.h
configure:3024: result: yes
configure:2902: checking sys/dlpi.h usability
configure:2914: gcc -c -g -O2  conftest.c >&5
conftest.c:55:22: sys/dlpi.h: No such file or directory
configure:2920: $? = 1
configure: failed program was:
| /* confdefs.h.  */
| 
| #define PACKAGE_NAME ""
| #define PACKAGE_TARNAME ""
| #define PACKAGE_VERSION ""
| #define PACKAGE_STRING ""
| #define PACKAGE_BUGREPORT ""
| #define STDC_HEADERS 1
| #define HAVE_SYS_WAIT_H 1
| #define HAVE_SYS_TYPES_H 1
| #define HAVE_SYS_STAT_H 1
| #define HAVE_STDLIB_H 1
| #define HAVE_STRING_H 1
| #define HAVE_MEMORY_H 1
| #define HAVE_STRINGS_H 1
| #define HAVE_INTTYPES_H 1
| #define HAVE_STDINT_H 1
| #define HAVE_UNISTD_H 1
| #define HAVE_FCNTL_H 1
| /* end confdefs.h.  */
| #include <stdio.h>
| #if HAVE_SYS_TYPES_H
| # include <sys/types.h>
| #endif
| #if HAVE_SYS_STAT_H
| # include <sys/stat.h>
| #endif
| #if STDC_HEADERS
| # include <stdlib.h>
| # include <stddef.h>
| #else
| # if HAVE_STDLIB_H
| #  include <stdlib.h>
| # endif
| #endif
| #if HAVE_STRING_H
| # if !STDC_HEADERS && HAVE_MEMORY_H
| #  include <memory.h>
| # endif
| # include <string.h>
| #endif
| #if HAVE_STRINGS_H
| # include <strings.h>
| #endif
| #if HAVE_INTTYPES_H
| # include <inttypes.h>
| #else
| # if HAVE_STDINT_H
| #  include <stdint.h>
| # endif
| #endif
| #if HAVE_UNISTD_H
| # include <unistd.h>
| #endif
| #include <sys/dlpi.h>
configure:2942: result: no
configure:2946: checking sys/dlpi.h presence
configure:2956: gcc -E  conftest.c
conftest.c:21:22: sys/dlpi.h: No such file or directory
configure:2962: $? = 1
configure: failed program was:
| /* confdefs.h.  */
| 
| #define PACKAGE_NAME ""
| #define PACKAGE_TARNAME ""
| #define PACKAGE_VERSION ""
| #define PACKAGE_STRING ""
| #define PACKAGE_BUGREPORT ""
| #define STDC_HEADERS 1
| #define HAVE_SYS_WAIT_H 1
| #define HAVE_SYS_TYPES_H 1
| #define HAVE_SYS_STAT_H 1
| #define HAVE_STDLIB_H 1
| #define HAVE_STRING_H 1
| #define HAVE_MEMORY_H 1
| #define HAVE_STRINGS_H 1
| #define HAVE_INTTYPES_H 1
| #define HAVE_STDINT_H 1
| #define HAVE_UNISTD_H 1
| #define HAVE_FCNTL_H 1
| /* end confdefs.h.  */
| #include <sys/dlpi.h>
configure:2982: result: no
configure:3017: checking for sys/dlpi.h
configure:3024: result: no
configure:2902: checking sys/ioctl.h usability
configure:2914: gcc -c -g -O2  conftest.c >&5
configure:2920: $? = 0
configure:2923: test -z 			 || test ! -s conftest.err
configure:2926: $? = 0
configure:2929: test -s conftest.o
configure:2932: $? = 0
configure:2942: result: yes
configure:2946: checking sys/ioctl.h presence
configure:2956: gcc -E  conftest.c
configure:2962: $? = 0
configure:2982: result: yes
configure:3017: checking for sys/ioctl.h
configure:3024: result: yes
configure:2902: checking sys/time.h usability
configure:2914: gcc -c -g -O2  conftest.c >&5
configure:2920: $? = 0
configure:2923: test -z 			 || test ! -s conftest.err
configure:2926: $? = 0
configure:2929: test -s conftest.o
configure:2932: $? = 0
configure:2942: result: yes
configure:2946: checking sys/time.h presence
configure:2956: gcc -E  conftest.c
configure:2962: $? = 0
configure:2982: result: yes
configure:3017: checking for sys/time.h
configure:3024: result: yes
configure:2902: checking syslog.h usability
configure:2914: gcc -c -g -O2  conftest.c >&5
configure:2920: $? = 0
configure:2923: test -z 			 || test ! -s conftest.err
configure:2926: $? = 0
configure:2929: test -s conftest.o
configure:2932: $? = 0
configure:2942: result: yes
configure:2946: checking syslog.h presence
configure:2956: gcc -E  conftest.c
configure:2962: $? = 0
configure:2982: result: yes
configure:3017: checking for syslog.h
configure:3024: result: yes
configure:2893: checking for unistd.h
configure:2898: result: yes
configure:2902: checking net/if_arp.h usability
configure:2914: gcc -c -g -O2  conftest.c >&5
configure:2920: $? = 0
configure:2923: test -z 			 || test ! -s conftest.err
configure:2926: $? = 0
configure:2929: test -s conftest.o
configure:2932: $? = 0
configure:2942: result: yes
configure:2946: checking net/if_arp.h presence
configure:2956: gcc -E  conftest.c
configure:2962: $? = 0
configure:2982: result: yes
configure:3017: checking for net/if_arp.h
configure:3024: result: yes
configure:2902: checking netinet/if_ether.h usability
configure:2914: gcc -c -g -O2  conftest.c >&5
configure:2920: $? = 0
configure:2923: test -z 			 || test ! -s conftest.err
configure:2926: $? = 0
configure:2929: test -s conftest.o
configure:2932: $? = 0
configure:2942: result: yes
configure:2946: checking netinet/if_ether.h presence
configure:2956: gcc -E  conftest.c
configure:2962: $? = 0
configure:2982: result: yes
configure:3017: checking for netinet/if_ether.h
configure:3024: result: yes
configure:2902: checking getopt.h usability
configure:2914: gcc -c -g -O2  conftest.c >&5
configure:2920: $? = 0
configure:2923: test -z 			 || test ! -s conftest.err
configure:2926: $? = 0
configure:2929: test -s conftest.o
configure:2932: $? = 0
configure:2942: result: yes
configure:2946: checking getopt.h presence
configure:2956: gcc -E  conftest.c
configure:2962: $? = 0
configure:2982: result: yes
configure:3017: checking for getopt.h
configure:3024: result: yes
configure:2902: checking sys/uio.h usability
configure:2914: gcc -c -g -O2  conftest.c >&5
configure:2920: $? = 0
configure:2923: test -z 			 || test ! -s conftest.err
configure:2926: $? = 0
configure:2929: test -s conftest.o
configure:2932: $? = 0
configure:2942: result: yes
configure:2946: checking sys/uio.h presence
configure:2956: gcc -E  conftest.c
configure:2962: $? = 0
configure:2982: result: yes
configure:3017: checking for sys/uio.h
configure:3024: result: yes
configure:2902: checking sys/param.h usability
configure:2914: gcc -c -g -O2  conftest.c >&5
configure:2920: $? = 0
configure:2923: test -z 			 || test ! -s conftest.err
configure:2926: $? = 0
configure:2929: test -s conftest.o
configure:2932: $? = 0
configure:2942: result: yes
configure:2946: checking sys/param.h presence
configure:2956: gcc -E  conftest.c
configure:2962: $? = 0
configure:2982: result: yes
configure:3017: checking for sys/param.h
configure:3024: result: yes
configure:2893: checking for fcntl.h
configure:2898: result: yes
configure:2902: checking net/bpf.h usability
configure:2914: gcc -c -g -O2  conftest.c >&5
configure:2920: $? = 0
configure:2923: test -z 			 || test ! -s conftest.err
configure:2926: $? = 0
configure:2929: test -s conftest.o
configure:2932: $? = 0
configure:2942: result: yes
configure:2946: checking net/bpf.h presence
configure:2956: gcc -E  conftest.c
configure:2962: $? = 0
configure:2982: result: yes
configure:3017: checking for net/bpf.h
configure:3024: result: yes
configure:2902: checking netpacket/packet.h usability
configure:2914: gcc -c -g -O2  conftest.c >&5
configure:2920: $? = 0
configure:2923: test -z 			 || test ! -s conftest.err
configure:2926: $? = 0
configure:2929: test -s conftest.o
configure:2932: $? = 0
configure:2942: result: yes
configure:2946: checking netpacket/packet.h presence
configure:2956: gcc -E  conftest.c
configure:2962: $? = 0
configure:2982: result: yes
configure:3017: checking for netpacket/packet.h
configure:3024: result: yes
configure:2902: checking net/ethernet.h usability
configure:2914: gcc -c -g -O2  conftest.c >&5
configure:2920: $? = 0
configure:2923: test -z 			 || test ! -s conftest.err
configure:2926: $? = 0
configure:2929: test -s conftest.o
configure:2932: $? = 0
configure:2942: result: yes
configure:2946: checking net/ethernet.h presence
configure:2956: gcc -E  conftest.c
configure:2962: $? = 0
configure:2982: result: yes
configure:3017: checking for net/ethernet.h
configure:3024: result: yes
configure:2902: checking asm/types.h usability
configure:2914: gcc -c -g -O2  conftest.c >&5
configure:2920: $? = 0
configure:2923: test -z 			 || test ! -s conftest.err
configure:2926: $? = 0
configure:2929: test -s conftest.o
configure:2932: $? = 0
configure:2942: result: yes
configure:2946: checking asm/types.h presence
configure:2956: gcc -E  conftest.c
configure:2962: $? = 0
configure:2982: result: yes
configure:3017: checking for asm/types.h
configure:3024: result: yes
configure:2902: checking linux/if_packet.h usability
configure:2914: gcc -c -g -O2  conftest.c >&5
configure:2920: $? = 0
configure:2923: test -z 			 || test ! -s conftest.err
configure:2926: $? = 0
configure:2929: test -s conftest.o
configure:2932: $? = 0
configure:2942: result: yes
configure:2946: checking linux/if_packet.h presence
configure:2956: gcc -E  conftest.c
configure:2962: $? = 0
configure:2982: result: yes
configure:3017: checking for linux/if_packet.h
configure:3024: result: yes
configure:2902: checking linux/if_ether.h usability
configure:2914: gcc -c -g -O2  conftest.c >&5
configure:2920: $? = 0
configure:2923: test -z 			 || test ! -s conftest.err
configure:2926: $? = 0
configure:2929: test -s conftest.o
configure:2932: $? = 0
configure:2942: result: yes
configure:2946: checking linux/if_ether.h presence
configure:2956: gcc -E  conftest.c
configure:2962: $? = 0
configure:2982: result: yes
configure:3017: checking for linux/if_ether.h
configure:3024: result: yes
configure:2902: checking sys/socket.h usability
configure:2914: gcc -c -g -O2  conftest.c >&5
configure:2920: $? = 0
configure:2923: test -z 			 || test ! -s conftest.err
configure:2926: $? = 0
configure:2929: test -s conftest.o
configure:2932: $? = 0
configure:2942: result: yes
configure:2946: checking sys/socket.h presence
configure:2956: gcc -E  conftest.c
configure:2962: $? = 0
configure:2982: result: yes
configure:3017: checking for sys/socket.h
configure:3024: result: yes
configure:2902: checking sys/cdefs.h usability
configure:2914: gcc -c -g -O2  conftest.c >&5
configure:2920: $? = 0
configure:2923: test -z 			 || test ! -s conftest.err
configure:2926: $? = 0
configure:2929: test -s conftest.o
configure:2932: $? = 0
configure:2942: result: yes
configure:2946: checking sys/cdefs.h presence
configure:2956: gcc -E  conftest.c
configure:2962: $? = 0
configure:2982: result: yes
configure:3017: checking for sys/cdefs.h
configure:3024: result: yes
configure:2902: checking net/if.h usability
configure:2914: gcc -c -g -O2  conftest.c >&5
configure:2920: $? = 0
configure:2923: test -z 			 || test ! -s conftest.err
configure:2926: $? = 0
configure:2929: test -s conftest.o
configure:2932: $? = 0
configure:2942: result: yes
configure:2946: checking net/if.h presence
configure:2956: gcc -E  conftest.c
configure:2962: $? = 0
configure:2982: result: yes
configure:3017: checking for net/if.h
configure:3024: result: yes
configure:2902: checking net/if_dl.h usability
configure:2914: gcc -c -g -O2  conftest.c >&5
conftest.c:74:23: net/if_dl.h: No such file or directory
configure:2920: $? = 1
configure: failed program was:
| /* confdefs.h.  */
| 
| #define PACKAGE_NAME ""
| #define PACKAGE_TARNAME ""
| #define PACKAGE_VERSION ""
| #define PACKAGE_STRING ""
| #define PACKAGE_BUGREPORT ""
| #define STDC_HEADERS 1
| #define HAVE_SYS_WAIT_H 1
| #define HAVE_SYS_TYPES_H 1
| #define HAVE_SYS_STAT_H 1
| #define HAVE_STDLIB_H 1
| #define HAVE_STRING_H 1
| #define HAVE_MEMORY_H 1
| #define HAVE_STRINGS_H 1
| #define HAVE_INTTYPES_H 1
| #define HAVE_STDINT_H 1
| #define HAVE_UNISTD_H 1
| #define HAVE_FCNTL_H 1
| #define HAVE_SYS_IOCTL_H 1
| #define HAVE_SYS_TIME_H 1
| #define HAVE_SYSLOG_H 1
| #define HAVE_UNISTD_H 1
| #define HAVE_NET_IF_ARP_H 1
| #define HAVE_NETINET_IF_ETHER_H 1
| #define HAVE_GETOPT_H 1
| #define HAVE_SYS_UIO_H 1
| #define HAVE_SYS_PARAM_H 1
| #define HAVE_FCNTL_H 1
| #define HAVE_NET_BPF_H 1
| #define HAVE_NETPACKET_PACKET_H 1
| #define HAVE_NET_ETHERNET_H 1
| #define HAVE_ASM_TYPES_H 1
| #define HAVE_LINUX_IF_PACKET_H 1
| #define HAVE_LINUX_IF_ETHER_H 1
| #define HAVE_SYS_SOCKET_H 1
| #define HAVE_SYS_CDEFS_H 1
| #define HAVE_NET_IF_H 1
| /* end confdefs.h.  */
| #include <stdio.h>
| #if HAVE_SYS_TYPES_H
| # include <sys/types.h>
| #endif
| #if HAVE_SYS_STAT_H
| # include <sys/stat.h>
| #endif
| #if STDC_HEADERS
| # include <stdlib.h>
| # include <stddef.h>
| #else
| # if HAVE_STDLIB_H
| #  include <stdlib.h>
| # endif
| #endif
| #if HAVE_STRING_H
| # if !STDC_HEADERS && HAVE_MEMORY_H
| #  include <memory.h>
| # endif
| # include <string.h>
| #endif
| #if HAVE_STRINGS_H
| # include <strings.h>
| #endif
| #if HAVE_INTTYPES_H
| # include <inttypes.h>
| #else
| # if HAVE_STDINT_H
| #  include <stdint.h>
| # endif
| #endif
| #if HAVE_UNISTD_H
| # include <unistd.h>
| #endif
| #include <net/if_dl.h>
configure:2942: result: no
configure:2946: checking net/if_dl.h presence
configure:2956: gcc -E  conftest.c
conftest.c:40:23: net/if_dl.h: No such file or directory
configure:2962: $? = 1
configure: failed program was:
| /* confdefs.h.  */
| 
| #define PACKAGE_NAME ""
| #define PACKAGE_TARNAME ""
| #define PACKAGE_VERSION ""
| #define PACKAGE_STRING ""
| #define PACKAGE_BUGREPORT ""
| #define STDC_HEADERS 1
| #define HAVE_SYS_WAIT_H 1
| #define HAVE_SYS_TYPES_H 1
| #define HAVE_SYS_STAT_H 1
| #define HAVE_STDLIB_H 1
| #define HAVE_STRING_H 1
| #define HAVE_MEMORY_H 1
| #define HAVE_STRINGS_H 1
| #define HAVE_INTTYPES_H 1
| #define HAVE_STDINT_H 1
| #define HAVE_UNISTD_H 1
| #define HAVE_FCNTL_H 1
| #define HAVE_SYS_IOCTL_H 1
| #define HAVE_SYS_TIME_H 1
| #define HAVE_SYSLOG_H 1
| #define HAVE_UNISTD_H 1
| #define HAVE_NET_IF_ARP_H 1
| #define HAVE_NETINET_IF_ETHER_H 1
| #define HAVE_GETOPT_H 1
| #define HAVE_SYS_UIO_H 1
| #define HAVE_SYS_PARAM_H 1
| #define HAVE_FCNTL_H 1
| #define HAVE_NET_BPF_H 1
| #define HAVE_NETPACKET_PACKET_H 1
| #define HAVE_NET_ETHERNET_H 1
| #define HAVE_ASM_TYPES_H 1
| #define HAVE_LINUX_IF_PACKET_H 1
| #define HAVE_LINUX_IF_ETHER_H 1
| #define HAVE_SYS_SOCKET_H 1
| #define HAVE_SYS_CDEFS_H 1
| #define HAVE_NET_IF_H 1
| /* end confdefs.h.  */
| #include <net/if_dl.h>
configure:2982: result: no
configure:3017: checking for net/if_dl.h
configure:3024: result: no
configure:2902: checking net/if_ether.h usability
configure:2914: gcc -c -g -O2  conftest.c >&5
conftest.c:74:26: net/if_ether.h: No such file or directory
configure:2920: $? = 1
configure: failed program was:
| /* confdefs.h.  */
| 
| #define PACKAGE_NAME ""
| #define PACKAGE_TARNAME ""
| #define PACKAGE_VERSION ""
| #define PACKAGE_STRING ""
| #define PACKAGE_BUGREPORT ""
| #define STDC_HEADERS 1
| #define HAVE_SYS_WAIT_H 1
| #define HAVE_SYS_TYPES_H 1
| #define HAVE_SYS_STAT_H 1
| #define HAVE_STDLIB_H 1
| #define HAVE_STRING_H 1
| #define HAVE_MEMORY_H 1
| #define HAVE_STRINGS_H 1
| #define HAVE_INTTYPES_H 1
| #define HAVE_STDINT_H 1
| #define HAVE_UNISTD_H 1
| #define HAVE_FCNTL_H 1
| #define HAVE_SYS_IOCTL_H 1
| #define HAVE_SYS_TIME_H 1
| #define HAVE_SYSLOG_H 1
| #define HAVE_UNISTD_H 1
| #define HAVE_NET_IF_ARP_H 1
| #define HAVE_NETINET_IF_ETHER_H 1
| #define HAVE_GETOPT_H 1
| #define HAVE_SYS_UIO_H 1
| #define HAVE_SYS_PARAM_H 1
| #define HAVE_FCNTL_H 1
| #define HAVE_NET_BPF_H 1
| #define HAVE_NETPACKET_PACKET_H 1
| #define HAVE_NET_ETHERNET_H 1
| #define HAVE_ASM_TYPES_H 1
| #define HAVE_LINUX_IF_PACKET_H 1
| #define HAVE_LINUX_IF_ETHER_H 1
| #define HAVE_SYS_SOCKET_H 1
| #define HAVE_SYS_CDEFS_H 1
| #define HAVE_NET_IF_H 1
| /* end confdefs.h.  */
| #include <stdio.h>
| #if HAVE_SYS_TYPES_H
| # include <sys/types.h>
| #endif
| #if HAVE_SYS_STAT_H
| # include <sys/stat.h>
| #endif
| #if STDC_HEADERS
| # include <stdlib.h>
| # include <stddef.h>
| #else
| # if HAVE_STDLIB_H
| #  include <stdlib.h>
| # endif
| #endif
| #if HAVE_STRING_H
| # if !STDC_HEADERS && HAVE_MEMORY_H
| #  include <memory.h>
| # endif
| # include <string.h>
| #endif
| #if HAVE_STRINGS_H
| # include <strings.h>
| #endif
| #if HAVE_INTTYPES_H
| # include <inttypes.h>
| #else
| # if HAVE_STDINT_H
| #  include <stdint.h>
| # endif
| #endif
| #if HAVE_UNISTD_H
| # include <unistd.h>
| #endif
| #include <net/if_ether.h>
configure:2942: result: no
configure:2946: checking net/if_ether.h presence
configure:2956: gcc -E  conftest.c
conftest.c:40:26: net/if_ether.h: No such file or directory
configure:2962: $? = 1
configure: failed program was:
| /* confdefs.h.  */
| 
| #define PACKAGE_NAME ""
| #define PACKAGE_TARNAME ""
| #define PACKAGE_VERSION ""
| #define PACKAGE_STRING ""
| #define PACKAGE_BUGREPORT ""
| #define STDC_HEADERS 1
| #define HAVE_SYS_WAIT_H 1
| #define HAVE_SYS_TYPES_H 1
| #define HAVE_SYS_STAT_H 1
| #define HAVE_STDLIB_H 1
| #define HAVE_STRING_H 1
| #define HAVE_MEMORY_H 1
| #define HAVE_STRINGS_H 1
| #define HAVE_INTTYPES_H 1
| #define HAVE_STDINT_H 1
| #define HAVE_UNISTD_H 1
| #define HAVE_FCNTL_H 1
| #define HAVE_SYS_IOCTL_H 1
| #define HAVE_SYS_TIME_H 1
| #define HAVE_SYSLOG_H 1
| #define HAVE_UNISTD_H 1
| #define HAVE_NET_IF_ARP_H 1
| #define HAVE_NETINET_IF_ETHER_H 1
| #define HAVE_GETOPT_H 1
| #define HAVE_SYS_UIO_H 1
| #define HAVE_SYS_PARAM_H 1
| #define HAVE_FCNTL_H 1
| #define HAVE_NET_BPF_H 1
| #define HAVE_NETPACKET_PACKET_H 1
| #define HAVE_NET_ETHERNET_H 1
| #define HAVE_ASM_TYPES_H 1
| #define HAVE_LINUX_IF_PACKET_H 1
| #define HAVE_LINUX_IF_ETHER_H 1
| #define HAVE_SYS_SOCKET_H 1
| #define HAVE_SYS_CDEFS_H 1
| #define HAVE_NET_IF_H 1
| /* end confdefs.h.  */
| #include <net/if_ether.h>
configure:2982: result: no
configure:3017: checking for net/if_ether.h
configure:3024: result: no
configure:2902: checking net/if_types.h usability
configure:2914: gcc -c -g -O2  conftest.c >&5
conftest.c:74:26: net/if_types.h: No such file or directory
configure:2920: $? = 1
configure: failed program was:
| /* confdefs.h.  */
| 
| #define PACKAGE_NAME ""
| #define PACKAGE_TARNAME ""
| #define PACKAGE_VERSION ""
| #define PACKAGE_STRING ""
| #define PACKAGE_BUGREPORT ""
| #define STDC_HEADERS 1
| #define HAVE_SYS_WAIT_H 1
| #define HAVE_SYS_TYPES_H 1
| #define HAVE_SYS_STAT_H 1
| #define HAVE_STDLIB_H 1
| #define HAVE_STRING_H 1
| #define HAVE_MEMORY_H 1
| #define HAVE_STRINGS_H 1
| #define HAVE_INTTYPES_H 1
| #define HAVE_STDINT_H 1
| #define HAVE_UNISTD_H 1
| #define HAVE_FCNTL_H 1
| #define HAVE_SYS_IOCTL_H 1
| #define HAVE_SYS_TIME_H 1
| #define HAVE_SYSLOG_H 1
| #define HAVE_UNISTD_H 1
| #define HAVE_NET_IF_ARP_H 1
| #define HAVE_NETINET_IF_ETHER_H 1
| #define HAVE_GETOPT_H 1
| #define HAVE_SYS_UIO_H 1
| #define HAVE_SYS_PARAM_H 1
| #define HAVE_FCNTL_H 1
| #define HAVE_NET_BPF_H 1
| #define HAVE_NETPACKET_PACKET_H 1
| #define HAVE_NET_ETHERNET_H 1
| #define HAVE_ASM_TYPES_H 1
| #define HAVE_LINUX_IF_PACKET_H 1
| #define HAVE_LINUX_IF_ETHER_H 1
| #define HAVE_SYS_SOCKET_H 1
| #define HAVE_SYS_CDEFS_H 1
| #define HAVE_NET_IF_H 1
| /* end confdefs.h.  */
| #include <stdio.h>
| #if HAVE_SYS_TYPES_H
| # include <sys/types.h>
| #endif
| #if HAVE_SYS_STAT_H
| # include <sys/stat.h>
| #endif
| #if STDC_HEADERS
| # include <stdlib.h>
| # include <stddef.h>
| #else
| # if HAVE_STDLIB_H
| #  include <stdlib.h>
| # endif
| #endif
| #if HAVE_STRING_H
| # if !STDC_HEADERS && HAVE_MEMORY_H
| #  include <memory.h>
| # endif
| # include <string.h>
| #endif
| #if HAVE_STRINGS_H
| # include <strings.h>
| #endif
| #if HAVE_INTTYPES_H
| # include <inttypes.h>
| #else
| # if HAVE_STDINT_H
| #  include <stdint.h>
| # endif
| #endif
| #if HAVE_UNISTD_H
| # include <unistd.h>
| #endif
| #include <net/if_types.h>
configure:2942: result: no
configure:2946: checking net/if_types.h presence
configure:2956: gcc -E  conftest.c
conftest.c:40:26: net/if_types.h: No such file or directory
configure:2962: $? = 1
configure: failed program was:
| /* confdefs.h.  */
| 
| #define PACKAGE_NAME ""
| #define PACKAGE_TARNAME ""
| #define PACKAGE_VERSION ""
| #define PACKAGE_STRING ""
| #define PACKAGE_BUGREPORT ""
| #define STDC_HEADERS 1
| #define HAVE_SYS_WAIT_H 1
| #define HAVE_SYS_TYPES_H 1
| #define HAVE_SYS_STAT_H 1
| #define HAVE_STDLIB_H 1
| #define HAVE_STRING_H 1
| #define HAVE_MEMORY_H 1
| #define HAVE_STRINGS_H 1
| #define HAVE_INTTYPES_H 1
| #define HAVE_STDINT_H 1
| #define HAVE_UNISTD_H 1
| #define HAVE_FCNTL_H 1
| #define HAVE_SYS_IOCTL_H 1
| #define HAVE_SYS_TIME_H 1
| #define HAVE_SYSLOG_H 1
| #define HAVE_UNISTD_H 1
| #define HAVE_NET_IF_ARP_H 1
| #define HAVE_NETINET_IF_ETHER_H 1
| #define HAVE_GETOPT_H 1
| #define HAVE_SYS_UIO_H 1
| #define HAVE_SYS_PARAM_H 1
| #define HAVE_FCNTL_H 1
| #define HAVE_NET_BPF_H 1
| #define HAVE_NETPACKET_PACKET_H 1
| #define HAVE_NET_ETHERNET_H 1
| #define HAVE_ASM_TYPES_H 1
| #define HAVE_LINUX_IF_PACKET_H 1
| #define HAVE_LINUX_IF_ETHER_H 1
| #define HAVE_SYS_SOCKET_H 1
| #define HAVE_SYS_CDEFS_H 1
| #define HAVE_NET_IF_H 1
| /* end confdefs.h.  */
| #include <net/if_types.h>
configure:2982: result: no
configure:3017: checking for net/if_types.h
configure:3024: result: no
configure:2893: checking for netinet/if_ether.h
configure:2898: result: yes
configure:2893: checking for net/if_types.h
configure:2898: result: no
configure:2893: checking for net/if_dl.h
configure:2898: result: no
configure:3041: checking for linux/if.h
configure:3057: gcc -c -g -O2  conftest.c >&5
configure:3063: $? = 0
configure:3066: test -z 			 || test ! -s conftest.err
configure:3069: $? = 0
configure:3072: test -s conftest.o
configure:3075: $? = 0
configure:3086: result: yes
configure:3101: checking for linux/if_pppox.h
configure:3121: gcc -c -g -O2  conftest.c >&5
configure:3127: $? = 0
configure:3130: test -z 			 || test ! -s conftest.err
configure:3133: $? = 0
configure:3136: test -s conftest.o
configure:3139: $? = 0
configure:3150: result: yes
configure:3162: checking for an ANSI C-conforming const
configure:3229: gcc -c -g -O2  conftest.c >&5
configure:3235: $? = 0
configure:3238: test -z 			 || test ! -s conftest.err
configure:3241: $? = 0
configure:3244: test -s conftest.o
configure:3247: $? = 0
configure:3258: result: yes
configure:3268: checking for pid_t
configure:3292: gcc -c -g -O2  conftest.c >&5
configure:3298: $? = 0
configure:3301: test -z 			 || test ! -s conftest.err
configure:3304: $? = 0
configure:3307: test -s conftest.o
configure:3310: $? = 0
configure:3321: result: yes
configure:3333: checking whether time.h and sys/time.h may both be included
configure:3358: gcc -c -g -O2  conftest.c >&5
configure:3364: $? = 0
configure:3367: test -z 			 || test ! -s conftest.err
configure:3370: $? = 0
configure:3373: test -s conftest.o
configure:3376: $? = 0
configure:3387: result: yes
configure:3397: checking whether struct tm is in sys/time.h or time.h
configure:3420: gcc -c -g -O2  conftest.c >&5
configure:3426: $? = 0
configure:3429: test -z 			 || test ! -s conftest.err
configure:3432: $? = 0
configure:3435: test -s conftest.o
configure:3438: $? = 0
configure:3449: result: time.h
configure:3460: checking for struct sockaddr_ll
configure:3481: gcc -c -g -O2  conftest.c >&5
configure:3487: $? = 0
configure:3490: test -z 			 || test ! -s conftest.err
configure:3493: $? = 0
configure:3496: test -s conftest.o
configure:3499: $? = 0
configure:3509: result: yes
configure:3519: checking for N_HDLC line discipline
configure:3537: gcc -c -g -O2  conftest.c >&5
configure:3543: $? = 0
configure:3546: test -z 			 || test ! -s conftest.err
configure:3549: $? = 0
configure:3552: test -s conftest.o
configure:3555: $? = 0
configure:3565: result: yes
configure:3682: checking for working memcmp
configure:3730: gcc -o conftest -g -O2   conftest.c  >&5
configure:3733: $? = 0
configure:3735: ./conftest
configure:3738: $? = 0
configure:3752: result: yes
configure:3763: checking for function prototypes
configure:3766: result: yes
configure:3783: checking whether setvbuf arguments are reversed
configure:3808: gcc -o conftest -g -O2   conftest.c  >&5
conftest.c:50: conflicting types for `setvbuf'
/usr/include/stdio.h:281: previous declaration of `setvbuf'
configure:3814: $? = 1
configure: failed program was:
| /* confdefs.h.  */
| 
| #define PACKAGE_NAME ""
| #define PACKAGE_TARNAME ""
| #define PACKAGE_VERSION ""
| #define PACKAGE_STRING ""
| #define PACKAGE_BUGREPORT ""
| #define STDC_HEADERS 1
| #define HAVE_SYS_WAIT_H 1
| #define HAVE_SYS_TYPES_H 1
| #define HAVE_SYS_STAT_H 1
| #define HAVE_STDLIB_H 1
| #define HAVE_STRING_H 1
| #define HAVE_MEMORY_H 1
| #define HAVE_STRINGS_H 1
| #define HAVE_INTTYPES_H 1
| #define HAVE_STDINT_H 1
| #define HAVE_UNISTD_H 1
| #define HAVE_FCNTL_H 1
| #define HAVE_SYS_IOCTL_H 1
| #define HAVE_SYS_TIME_H 1
| #define HAVE_SYSLOG_H 1
| #define HAVE_UNISTD_H 1
| #define HAVE_NET_IF_ARP_H 1
| #define HAVE_NETINET_IF_ETHER_H 1
| #define HAVE_GETOPT_H 1
| #define HAVE_SYS_UIO_H 1
| #define HAVE_SYS_PARAM_H 1
| #define HAVE_FCNTL_H 1
| #define HAVE_NET_BPF_H 1
| #define HAVE_NETPACKET_PACKET_H 1
| #define HAVE_NET_ETHERNET_H 1
| #define HAVE_ASM_TYPES_H 1
| #define HAVE_LINUX_IF_PACKET_H 1
| #define HAVE_LINUX_IF_ETHER_H 1
| #define HAVE_SYS_SOCKET_H 1
| #define HAVE_SYS_CDEFS_H 1
| #define HAVE_NET_IF_H 1
| #define HAVE_NETINET_IF_ETHER_H 1
| #define HAVE_LINUX_IF_H 1
| #define HAVE_LINUX_IF_PPPOX_H 1
| #define TIME_WITH_SYS_TIME 1
| #define HAVE_STRUCT_SOCKADDR_LL 1
| #define HAVE_N_HDLC 1
| #define PROTOTYPES 1
| #define __PROTOTYPES 1
| /* end confdefs.h.  */
| #include <stdio.h>
| #	  if PROTOTYPES
| 	   int (setvbuf) (FILE *, int, char *, size_t);
| #	  endif
| int
| main ()
| {
| char buf; return setvbuf (stdout, _IOLBF, &buf, 1);
|   ;
|   return 0;
| }
configure:3933: result: no
configure:3943: checking return type of signal handlers
configure:3974: gcc -c -g -O2  conftest.c >&5
configure:3980: $? = 0
configure:3983: test -z 			 || test ! -s conftest.err
configure:3986: $? = 0
configure:3989: test -s conftest.o
configure:3992: $? = 0
configure:4003: result: void
configure:4018: checking for select
configure:4075: gcc -o conftest -g -O2   conftest.c  >&5
configure:4081: $? = 0
configure:4084: test -z 			 || test ! -s conftest.err
configure:4087: $? = 0
configure:4090: test -s conftest
configure:4093: $? = 0
configure:4105: result: yes
configure:4018: checking for socket
configure:4075: gcc -o conftest -g -O2   conftest.c  >&5
configure:4081: $? = 0
configure:4084: test -z 			 || test ! -s conftest.err
configure:4087: $? = 0
configure:4090: test -s conftest
configure:4093: $? = 0
configure:4105: result: yes
configure:4018: checking for strerror
configure:4075: gcc -o conftest -g -O2   conftest.c  >&5
configure:4081: $? = 0
configure:4084: test -z 			 || test ! -s conftest.err
configure:4087: $? = 0
configure:4090: test -s conftest
configure:4093: $? = 0
configure:4105: result: yes
configure:4018: checking for strtol
configure:4075: gcc -o conftest -g -O2   conftest.c  >&5
configure:4081: $? = 0
configure:4084: test -z 			 || test ! -s conftest.err
configure:4087: $? = 0
configure:4090: test -s conftest
configure:4093: $? = 0
configure:4105: result: yes
configure:4153: checking for a BSD-compatible install
configure:4208: result: /usr/bin/install -c
configure:4220: checking for unsigned short
configure:4244: gcc -c -g -O2  conftest.c >&5
configure:4250: $? = 0
configure:4253: test -z 			 || test ! -s conftest.err
configure:4256: $? = 0
configure:4259: test -s conftest.o
configure:4262: $? = 0
configure:4273: result: yes
configure:4276: checking size of unsigned short
configure:4588: gcc -o conftest -g -O2   conftest.c  >&5
configure:4591: $? = 0
configure:4593: ./conftest
configure:4596: $? = 0
configure:4619: result: 2
configure:4626: checking for unsigned int
configure:4650: gcc -c -g -O2  conftest.c >&5
configure:4656: $? = 0
configure:4659: test -z 			 || test ! -s conftest.err
configure:4662: $? = 0
configure:4665: test -s conftest.o
configure:4668: $? = 0
configure:4679: result: yes
configure:4682: checking size of unsigned int
configure:4994: gcc -o conftest -g -O2   conftest.c  >&5
configure:4997: $? = 0
configure:4999: ./conftest
configure:5002: $? = 0
configure:5025: result: 4
configure:5032: checking for unsigned long
configure:5056: gcc -c -g -O2  conftest.c >&5
configure:5062: $? = 0
configure:5065: test -z 			 || test ! -s conftest.err
configure:5068: $? = 0
configure:5071: test -s conftest.o
configure:5074: $? = 0
configure:5085: result: yes
configure:5088: checking size of unsigned long
configure:5400: gcc -o conftest -g -O2   conftest.c  >&5
configure:5403: $? = 0
configure:5405: ./conftest
configure:5408: $? = 0
configure:5431: result: 4
configure:5441: checking for pppd
configure:5460: found /usr/sbin/pppd
configure:5473: result: /usr/sbin/pppd
configure:5482: checking for echo
configure:5500: found /bin/echo
configure:5513: result: /bin/echo
configure:5523: checking for setsid
configure:5542: found /usr/bin/setsid
configure:5555: result: /usr/bin/setsid
configure:5565: checking for id
configure:5584: found /usr/bin/id
configure:5597: result: /usr/bin/id
configure:5605: checking for Linux 2.4.X kernel-mode PPPoE support
configure:5640: gcc -o conftest -g -O2   conftest.c  >&5
configure:5643: $? = 0
configure:5645: ./conftest
configure:5648: $? = 1
configure: program exited with status 1
configure: failed program was:
| /* confdefs.h.  */
| 
| #define PACKAGE_NAME ""
| #define PACKAGE_TARNAME ""
| #define PACKAGE_VERSION ""
| #define PACKAGE_STRING ""
| #define PACKAGE_BUGREPORT ""
| #define STDC_HEADERS 1
| #define HAVE_SYS_WAIT_H 1
| #define HAVE_SYS_TYPES_H 1
| #define HAVE_SYS_STAT_H 1
| #define HAVE_STDLIB_H 1
| #define HAVE_STRING_H 1
| #define HAVE_MEMORY_H 1
| #define HAVE_STRINGS_H 1
| #define HAVE_INTTYPES_H 1
| #define HAVE_STDINT_H 1
| #define HAVE_UNISTD_H 1
| #define HAVE_FCNTL_H 1
| #define HAVE_SYS_IOCTL_H 1
| #define HAVE_SYS_TIME_H 1
| #define HAVE_SYSLOG_H 1
| #define HAVE_UNISTD_H 1
| #define HAVE_NET_IF_ARP_H 1
| #define HAVE_NETINET_IF_ETHER_H 1
| #define HAVE_GETOPT_H 1
| #define HAVE_SYS_UIO_H 1
| #define HAVE_SYS_PARAM_H 1
| #define HAVE_FCNTL_H 1
| #define HAVE_NET_BPF_H 1
| #define HAVE_NETPACKET_PACKET_H 1
| #define HAVE_NET_ETHERNET_H 1
| #define HAVE_ASM_TYPES_H 1
| #define HAVE_LINUX_IF_PACKET_H 1
| #define HAVE_LINUX_IF_ETHER_H 1
| #define HAVE_SYS_SOCKET_H 1
| #define HAVE_SYS_CDEFS_H 1
| #define HAVE_NET_IF_H 1
| #define HAVE_NETINET_IF_ETHER_H 1
| #define HAVE_LINUX_IF_H 1
| #define HAVE_LINUX_IF_PPPOX_H 1
| #define TIME_WITH_SYS_TIME 1
| #define HAVE_STRUCT_SOCKADDR_LL 1
| #define HAVE_N_HDLC 1
| #define PROTOTYPES 1
| #define __PROTOTYPES 1
| #define RETSIGTYPE void
| #define HAVE_SELECT 1
| #define HAVE_SOCKET 1
| #define HAVE_STRERROR 1
| #define HAVE_STRTOL 1
| #define SIZEOF_UNSIGNED_SHORT 2
| #define SIZEOF_UNSIGNED_INT 4
| #define SIZEOF_UNSIGNED_LONG 4
| /* end confdefs.h.  */
| #include <sys/socket.h>
| #include <net/ethernet.h>
| #include <linux/if.h>
| #include <linux/if_pppox.h>
| int main()
| {
| 	if (socket(AF_PPPOX, SOCK_DGRAM, PX_PROTO_OE) >= 0) return 0; else return 1;
| }
| 
configure:5668: result: no
configure:5727: checking packing order of bit fields
configure:5763: gcc -o conftest -g -O2 -Wall -Wstrict-prototypes -ansi   conftest.c  >&5
configure:5766: $? = 0
configure:5768: ./conftest
configure:5771: $? = 1
configure: program exited with status 1
configure: failed program was:
| /* confdefs.h.  */
| 
| #define PACKAGE_NAME ""
| #define PACKAGE_TARNAME ""
| #define PACKAGE_VERSION ""
| #define PACKAGE_STRING ""
| #define PACKAGE_BUGREPORT ""
| #define STDC_HEADERS 1
| #define HAVE_SYS_WAIT_H 1
| #define HAVE_SYS_TYPES_H 1
| #define HAVE_SYS_STAT_H 1
| #define HAVE_STDLIB_H 1
| #define HAVE_STRING_H 1
| #define HAVE_MEMORY_H 1
| #define HAVE_STRINGS_H 1
| #define HAVE_INTTYPES_H 1
| #define HAVE_STDINT_H 1
| #define HAVE_UNISTD_H 1
| #define HAVE_FCNTL_H 1
| #define HAVE_SYS_IOCTL_H 1
| #define HAVE_SYS_TIME_H 1
| #define HAVE_SYSLOG_H 1
| #define HAVE_UNISTD_H 1
| #define HAVE_NET_IF_ARP_H 1
| #define HAVE_NETINET_IF_ETHER_H 1
| #define HAVE_GETOPT_H 1
| #define HAVE_SYS_UIO_H 1
| #define HAVE_SYS_PARAM_H 1
| #define HAVE_FCNTL_H 1
| #define HAVE_NET_BPF_H 1
| #define HAVE_NETPACKET_PACKET_H 1
| #define HAVE_NET_ETHERNET_H 1
| #define HAVE_ASM_TYPES_H 1
| #define HAVE_LINUX_IF_PACKET_H 1
| #define HAVE_LINUX_IF_ETHER_H 1
| #define HAVE_SYS_SOCKET_H 1
| #define HAVE_SYS_CDEFS_H 1
| #define HAVE_NET_IF_H 1
| #define HAVE_NETINET_IF_ETHER_H 1
| #define HAVE_LINUX_IF_H 1
| #define HAVE_LINUX_IF_PPPOX_H 1
| #define TIME_WITH_SYS_TIME 1
| #define HAVE_STRUCT_SOCKADDR_LL 1
| #define HAVE_N_HDLC 1
| #define PROTOTYPES 1
| #define __PROTOTYPES 1
| #define RETSIGTYPE void
| #define HAVE_SELECT 1
| #define HAVE_SOCKET 1
| #define HAVE_STRERROR 1
| #define HAVE_STRTOL 1
| #define SIZEOF_UNSIGNED_SHORT 2
| #define SIZEOF_UNSIGNED_INT 4
| #define SIZEOF_UNSIGNED_LONG 4
| /* end confdefs.h.  */
| 
| union foo {
|     struct bar {
| 	unsigned int ver:4;
| 	unsigned int type:4;
|     } bb;
|     unsigned char baz;
| };
| 
| int
| main(void)
| {
|     union foo x;
|     x.bb.ver = 1;
|     x.bb.type = 2;
|     if (x.baz == 0x21) {
| 	return 1;
|     } else if (x.baz == 0x12) {
| 	return 0;
|     } else {
| 	return 2;
|     }
| }
configure:5786: result: reversed
configure:5956: creating ./config.status

## ---------------------- ##
## Running config.status. ##
## ---------------------- ##

This file was extended by config.status, which was
generated by GNU Autoconf 2.59.  Invocation command line was

  CONFIG_FILES    = 
  CONFIG_HEADERS  = 
  CONFIG_LINKS    = 
  CONFIG_COMMANDS = 
  $ ./config.status 

on localhost.localdomain

config.status:720: creating Makefile
config.status:720: creating libevent/Makefile
config.status:720: creating ../scripts/pppoe-connect
config.status:720: creating ../scripts/pppoe-start
config.status:720: creating ../scripts/pppoe-stop
config.status:720: creating ../scripts/pppoe-init
config.status:720: creating ../scripts/pppoe-init-suse
config.status:720: creating ../scripts/pppoe-init-turbolinux
config.status:720: creating ../scripts/pppoe-setup
config.status:720: creating ../gui/Makefile
config.status:720: creating ../gui/tkpppoe
config.status:786: creating config.h
configure:7011: result: On this platform, the following targets will be built:
configure:7013: result: pppoe pppoe-server pppoe-sniff pppoe-relay
configure:7015: result: Type 'make' to compile the software.

## ---------------- ##
## Cache variables. ##
## ---------------- ##

ac_cv_c_compiler_gnu=yes
ac_cv_c_const=yes
ac_cv_env_CC_set=
ac_cv_env_CC_value=
ac_cv_env_CFLAGS_set=
ac_cv_env_CFLAGS_value=
ac_cv_env_CPPFLAGS_set=
ac_cv_env_CPPFLAGS_value=
ac_cv_env_CPP_set=
ac_cv_env_CPP_value=
ac_cv_env_LDFLAGS_set=
ac_cv_env_LDFLAGS_value=
ac_cv_env_build_alias_set=
ac_cv_env_build_alias_value=
ac_cv_env_host_alias_set=
ac_cv_env_host_alias_value=
ac_cv_env_target_alias_set=
ac_cv_env_target_alias_value=
ac_cv_exeext=
ac_cv_func_memcmp_working=yes
ac_cv_func_select=yes
ac_cv_func_setvbuf_reversed=no
ac_cv_func_socket=yes
ac_cv_func_strerror=yes
ac_cv_func_strtol=yes
ac_cv_header_asm_types_h=yes
ac_cv_header_fcntl_h=yes
ac_cv_header_getopt_h=yes
ac_cv_header_inttypes_h=yes
ac_cv_header_linux_if_ether_h=yes
ac_cv_header_linux_if_h=yes
ac_cv_header_linux_if_packet_h=yes
ac_cv_header_linux_if_pppox_h=yes
ac_cv_header_memory_h=yes
ac_cv_header_net_bpf_h=yes
ac_cv_header_net_ethernet_h=yes
ac_cv_header_net_if_arp_h=yes
ac_cv_header_net_if_dl_h=no
ac_cv_header_net_if_ether_h=no
ac_cv_header_net_if_h=yes
ac_cv_header_net_if_types_h=no
ac_cv_header_netinet_if_ether_h=yes
ac_cv_header_netpacket_packet_h=yes
ac_cv_header_stdc=yes
ac_cv_header_stdint_h=yes
ac_cv_header_stdlib_h=yes
ac_cv_header_string_h=yes
ac_cv_header_strings_h=yes
ac_cv_header_sys_cdefs_h=yes
ac_cv_header_sys_dlpi_h=no
ac_cv_header_sys_ioctl_h=yes
ac_cv_header_sys_param_h=yes
ac_cv_header_sys_socket_h=yes
ac_cv_header_sys_stat_h=yes
ac_cv_header_sys_time_h=yes
ac_cv_header_sys_types_h=yes
ac_cv_header_sys_uio_h=yes
ac_cv_header_sys_wait_h=yes
ac_cv_header_syslog_h=yes
ac_cv_header_time=yes
ac_cv_header_unistd_h=yes
ac_cv_licpath=no
ac_cv_linux_kernel_pppoe=no
ac_cv_n_hdlc=yes
ac_cv_objext=o
ac_cv_path_ECHO=/bin/echo
ac_cv_path_ID=/usr/bin/id
ac_cv_path_PPPD=/usr/sbin/pppd
ac_cv_path_SETSID=/usr/bin/setsid
ac_cv_path_install='/usr/bin/install -c'
ac_cv_pluginpath=no
ac_cv_prog_CPP='gcc -E'
ac_cv_prog_ac_ct_CC=gcc
ac_cv_prog_ac_ct_RANLIB=ranlib
ac_cv_prog_cc_g=yes
ac_cv_prog_cc_stdc=
ac_cv_prog_egrep='grep -E'
ac_cv_sizeof_unsigned_int=4
ac_cv_sizeof_unsigned_long=4
ac_cv_sizeof_unsigned_short=2
ac_cv_struct_sockaddr_ll=yes
ac_cv_struct_tm=time.h
ac_cv_type_pid_t=yes
ac_cv_type_signal=void
ac_cv_type_unsigned_int=yes
ac_cv_type_unsigned_long=yes
ac_cv_type_unsigned_short=yes
rpppoe_cv_pack_bitfields=rev

## ----------------- ##
## Output variables. ##
## ----------------- ##

CC='gcc'
CFLAGS='-g -O2 -Wall -Wstrict-prototypes -ansi'
CPP='gcc -E'
CPPFLAGS=''
DEFS='-DHAVE_CONFIG_H'
ECHO='/bin/echo'
ECHO_C=''
ECHO_N='-n'
ECHO_T=''
EGREP='grep -E'
EXEEXT=''
ID='/usr/bin/id'
INSTALL_DATA='${INSTALL} -m 644'
INSTALL_PROGRAM='${INSTALL}'
INSTALL_SCRIPT='${INSTALL}'
LDFLAGS=''
LIBEVENT='../libevent'
LIBOBJS=''
LIBS=''
LIC_DEFINE=''
LIC_INCDIR=''
LIC_LIB=''
LIC_LIBDIR=''
LIC_MAKEFILE_INCLUDE=''
LINUX_KERNELMODE_PLUGIN=''
LTLIBOBJS=''
OBJEXT='o'
PACKAGE_BUGREPORT=''
PACKAGE_NAME=''
PACKAGE_STRING=''
PACKAGE_TARNAME=''
PACKAGE_VERSION=''
PATH_SEPARATOR=':'
PPPD='/usr/sbin/pppd'
PPPD_H=''
PPPD_INCDIR=''
PPPOE_RELAY='pppoe-relay'
PPPOE_SERVER_DEPS=''
RANLIB='ranlib'
RDYNAMIC=''
SETSID='/usr/bin/setsid'
SHELL='/bin/sh'
TARGETS='pppoe pppoe-server pppoe-sniff pppoe-relay'
WRAPPER='/usr/sbin/pppoe-wrapper'
ac_ct_CC='gcc'
ac_ct_RANLIB='ranlib'
bindir='${exec_prefix}/bin'
build_alias=''
datadir='${prefix}/share'
datadir_evaluated='/usr/share'
exec_prefix='${prefix}'
host_alias=''
includedir='${prefix}/include'
infodir='${prefix}/info'
libdir='${exec_prefix}/lib'
libexecdir='${exec_prefix}/libexec'
localstatedir='${prefix}/var'
mandir='${prefix}/man'
oldincludedir='/usr/include'
prefix='/usr'
program_transform_name='s,x,x,'
sbindir='${exec_prefix}/sbin'
sharedstatedir='${prefix}/com'
sysconfdir='${prefix}/etc'
target_alias=''

## ----------- ##
## confdefs.h. ##
## ----------- ##

#define HAVE_ASM_TYPES_H 1
#define HAVE_FCNTL_H 1
#define HAVE_FCNTL_H 1
#define HAVE_GETOPT_H 1
#define HAVE_INTTYPES_H 1
#define HAVE_LINUX_IF_ETHER_H 1
#define HAVE_LINUX_IF_H 1
#define HAVE_LINUX_IF_PACKET_H 1
#define HAVE_LINUX_IF_PPPOX_H 1
#define HAVE_MEMORY_H 1
#define HAVE_NETINET_IF_ETHER_H 1
#define HAVE_NETINET_IF_ETHER_H 1
#define HAVE_NETPACKET_PACKET_H 1
#define HAVE_NET_BPF_H 1
#define HAVE_NET_ETHERNET_H 1
#define HAVE_NET_IF_ARP_H 1
#define HAVE_NET_IF_H 1
#define HAVE_N_HDLC 1
#define HAVE_SELECT 1
#define HAVE_SOCKET 1
#define HAVE_STDINT_H 1
#define HAVE_STDLIB_H 1
#define HAVE_STRERROR 1
#define HAVE_STRINGS_H 1
#define HAVE_STRING_H 1
#define HAVE_STRTOL 1
#define HAVE_STRUCT_SOCKADDR_LL 1
#define HAVE_SYSLOG_H 1
#define HAVE_SYS_CDEFS_H 1
#define HAVE_SYS_IOCTL_H 1
#define HAVE_SYS_PARAM_H 1
#define HAVE_SYS_SOCKET_H 1
#define HAVE_SYS_STAT_H 1
#define HAVE_SYS_TIME_H 1
#define HAVE_SYS_TYPES_H 1
#define HAVE_SYS_UIO_H 1
#define HAVE_SYS_WAIT_H 1
#define HAVE_UNISTD_H 1
#define HAVE_UNISTD_H 1
#define PACKAGE_BUGREPORT ""
#define PACKAGE_NAME ""
#define PACKAGE_STRING ""
#define PACKAGE_TARNAME ""
#define PACKAGE_VERSION ""
#define PACK_BITFIELDS_REVERSED 1
#define PROTOTYPES 1
#define RETSIGTYPE void
#define SIZEOF_UNSIGNED_INT 4
#define SIZEOF_UNSIGNED_LONG 4
#define SIZEOF_UNSIGNED_SHORT 2
#define STDC_HEADERS 1
#define TIME_WITH_SYS_TIME 1
#define __PROTOTYPES 1

configure: exit 0
